Flutter crash report.
Please report a bug at https://github.com/flutter/flutter/issues.

## command

flutter build windows

## exception

PathExistsException: PathExistsException: Cannot create link, path = 'C:\Users\XITL03\AndroidStudioProjects\vinayaga_project_attendance\vinayaga_project\windows\flutter\ephemeral\.plugin_symlinks\file_saver' (OS Error: Cannot create a file when that file already exists.
, errno = 183)

```
#0      _Link.throwIfError (dart:io/link.dart:254:7)
#1      _Link.createSync (dart:io/link.dart:182:5)
#2      ForwardingLink.createSync (package:file/src/forwarding/forwarding_link.dart:20:16)
#3      ForwardingLink.createSync (package:file/src/forwarding/forwarding_link.dart:20:16)
#4      _createPlatformPluginSymlinks (package:flutter_tools/src/flutter_plugins.dart:1069:12)
#5      createPluginSymlinks (package:flutter_tools/src/flutter_plugins.dart:991:5)
#6      buildWindows (package:flutter_tools/src/windows/build_windows.dart:76:3)
#7      BuildWindowsCommand.runCommand (package:flutter_tools/src/commands/build_windows.dart:56:11)
<asynchronous suspension>
#8      FlutterCommand.run.<anonymous closure> (package:flutter_tools/src/runner/flutter_command.dart:1350:27)
<asynchronous suspension>
#9      AppContext.run.<anonymous closure> (package:flutter_tools/src/base/context.dart:150:19)
<asynchronous suspension>
#10     CommandRunner.runCommand (package:args/command_runner.dart:212:13)
<asynchronous suspension>
#11     FlutterCommandRunner.runCommand.<anonymous closure> (package:flutter_tools/src/runner/flutter_command_runner.dart:348:9)
<asynchronous suspension>
#12     AppContext.run.<anonymous closure> (package:flutter_tools/src/base/context.dart:150:19)
<asynchronous suspension>
#13     FlutterCommandRunner.runCommand (package:flutter_tools/src/runner/flutter_command_runner.dart:294:5)
<asynchronous suspension>
#14     run.<anonymous closure>.<anonymous closure> (package:flutter_tools/runner.dart:112:9)
<asynchronous suspension>
#15     AppContext.run.<anonymous closure> (package:flutter_tools/src/base/context.dart:150:19)
<asynchronous suspension>
#16     main (package:flutter_tools/executable.dart:90:3)
<asynchronous suspension>
```

## flutter doctor

```
[32m[✓][39m Flutter (Channel stable, 3.16.5, on Microsoft Windows [Version 10.0.19045.3803], locale en-IN)
    [32m•[39m Flutter version 3.16.5 on channel stable at C:\src\flutter
    [32m•[39m Upstream repository https://github.com/flutter/flutter.git
    [32m•[39m Framework revision 78666c8dc5 (3 weeks ago), 2023-12-19 16:14:14 -0800
    [32m•[39m Engine revision 3f3e560236
    [32m•[39m Dart version 3.2.3
    [32m•[39m DevTools version 2.28.4

[32m[✓][39m Windows Version (Installed version of Windows is version 10 or higher)

[32m[✓][39m Android toolchain - develop for Android devices (Android SDK version 34.0.0-rc3)
    [32m•[39m Android SDK at C:\Users\XITL03\AppData\Local\Android\Sdk
    [32m•[39m Platform android-33, build-tools 34.0.0-rc3
    [32m•[39m ANDROID_HOME = C:\Users\XITL03\AppData\Local\Android\Sdk
    [32m•[39m Java binary at: C:\Program Files\Android\Android Studio\jre\bin\java
    [32m•[39m Java version OpenJDK Runtime Environment (build 11.0.12+7-b1504.28-7817840)
    [32m•[39m All Android licenses accepted.

[32m[✓][39m Chrome - develop for the web
    [32m•[39m Chrome at C:\Program Files (x86)\Google\Chrome\Application\chrome.exe

[31m[✗][39m Visual Studio - develop Windows apps
    [31m✗[39m Visual Studio not installed; this is necessary to develop Windows apps.
      Download at https://visualstudio.microsoft.com/downloads/.
      Please install the "Desktop development with C++" workload, including all of its default components

[32m[✓][39m Android Studio (version 2021.2)
    [32m•[39m Android Studio at C:\Program Files\Android\Android Studio
    [32m•[39m Flutter plugin can be installed from:
      🔨 https://plugins.jetbrains.com/plugin/9212-flutter
    [32m•[39m Dart plugin can be installed from:
      🔨 https://plugins.jetbrains.com/plugin/6351-dart
    [32m•[39m Java version OpenJDK Runtime Environment (build 11.0.12+7-b1504.28-7817840)

[32m[✓][39m IntelliJ IDEA Community Edition (version 2023.2)
    [32m•[39m IntelliJ at C:\Program Files\JetBrains\IntelliJ IDEA Community Edition 2023.2
    [32m•[39m Flutter plugin can be installed from:
      🔨 https://plugins.jetbrains.com/plugin/9212-flutter
    [32m•[39m Dart plugin can be installed from:
      🔨 https://plugins.jetbrains.com/plugin/6351-dart

[32m[✓][39m VS Code (version 1.85.1)
    [32m•[39m VS Code at C:\Users\XITL03\AppData\Local\Programs\Microsoft VS Code
    [32m•[39m Flutter extension can be installed from:
      🔨 https://marketplace.visualstudio.com/items?itemName=Dart-Code.flutter

[32m[✓][39m Connected device (3 available)
    [32m•[39m Windows (desktop) • windows • windows-x64    • Microsoft Windows [Version 10.0.19045.3803]
    [32m•[39m Chrome (web)      • chrome  • web-javascript • Google Chrome 120.0.6099.216
    [32m•[39m Edge (web)        • edge    • web-javascript • Microsoft Edge 120.0.2210.121

[33m[!][39m Network resources
    [31m✗[39m A network error occurred while checking "https://github.com/": The semaphore timeout period has expired.


[33m![39m Doctor found issues in 2 categories.
```
